<?xml version="1.0" encoding="UTF-8"?>
<testng-results ignored="0" total="9" passed="8" failed="1" skipped="0">
  <reporter-output>
  </reporter-output>
  <suite started-at="2023-11-17T20:47:39 IST" name="Default suite" finished-at="2023-11-17T20:49:19 IST" duration-ms="99836">
    <groups>
    </groups>
    <test started-at="2023-11-17T20:47:39 IST" name="Default test" finished-at="2023-11-17T20:49:19 IST" duration-ms="99836">
      <class name="com.Bestbuy.Test.BestBuyTest">
        <test-method is-config="true" signature="setUp()[pri:0, instance:com.Bestbuy.Test.BestBuyTest@5524cca1]" started-at="2023-11-17T20:47:39 IST" name="setUp" finished-at="2023-11-17T20:47:44 IST" duration-ms="4843" status="PASS">
          <reporter-output>
          </reporter-output>
        </test-method> <!-- setUp -->
        <test-method signature="openHomePage()[pri:1, instance:com.Bestbuy.Test.BestBuyTest@5524cca1]" started-at="2023-11-17T20:47:44 IST" name="openHomePage" finished-at="2023-11-17T20:47:54 IST" duration-ms="10263" status="PASS">
          <reporter-output>
          </reporter-output>
        </test-method> <!-- openHomePage -->
        <test-method signature="signUp()[pri:2, instance:com.Bestbuy.Test.BestBuyTest@5524cca1]" started-at="2023-11-17T20:47:54 IST" name="signUp" finished-at="2023-11-17T20:47:54 IST" duration-ms="2" status="PASS">
          <reporter-output>
          </reporter-output>
        </test-method> <!-- signUp -->
        <test-method signature="navigateToAllMenuAndValidateTitle()[pri:3, instance:com.Bestbuy.Test.BestBuyTest@5524cca1]" started-at="2023-11-17T20:47:54 IST" name="navigateToAllMenuAndValidateTitle" finished-at="2023-11-17T20:48:07 IST" duration-ms="13207" status="PASS">
          <reporter-output>
          </reporter-output>
        </test-method> <!-- navigateToAllMenuAndValidateTitle -->
        <test-method signature="validateLink1()[pri:4, instance:com.Bestbuy.Test.BestBuyTest@5524cca1]" started-at="2023-11-17T20:48:07 IST" name="validateLink1" finished-at="2023-11-17T20:48:14 IST" duration-ms="6678" status="PASS">
          <reporter-output>
          </reporter-output>
        </test-method> <!-- validateLink1 -->
        <test-method signature="SearchItem()[pri:5, instance:com.Bestbuy.Test.BestBuyTest@5524cca1]" started-at="2023-11-17T20:48:14 IST" name="SearchItem" finished-at="2023-11-17T20:48:19 IST" duration-ms="4954" status="PASS">
          <reporter-output>
          </reporter-output>
        </test-method> <!-- SearchItem -->
        <test-method signature="selectItemFromShopByDepartment()[pri:6, instance:com.Bestbuy.Test.BestBuyTest@5524cca1]" started-at="2023-11-17T20:48:19 IST" name="selectItemFromShopByDepartment" finished-at="2023-11-17T20:48:35 IST" duration-ms="16157" status="PASS">
          <reporter-output>
          </reporter-output>
        </test-method> <!-- selectItemFromShopByDepartment -->
        <test-method signature="selectItemFromBrands()[pri:7, instance:com.Bestbuy.Test.BestBuyTest@5524cca1]" started-at="2023-11-17T20:48:35 IST" name="selectItemFromBrands" finished-at="2023-11-17T20:48:46 IST" duration-ms="10684" status="PASS">
          <reporter-output>
          </reporter-output>
        </test-method> <!-- selectItemFromBrands -->
        <test-method signature="filloutchectoutpage()[pri:8, instance:com.Bestbuy.Test.BestBuyTest@5524cca1]" started-at="2023-11-17T20:48:46 IST" name="filloutchectoutpage" finished-at="2023-11-17T20:48:46 IST" duration-ms="0" status="PASS">
          <reporter-output>
          </reporter-output>
        </test-method> <!-- filloutchectoutpage -->
        <test-method signature="VerifyOrderPlacement()[pri:9, instance:com.Bestbuy.Test.BestBuyTest@5524cca1]" started-at="2023-11-17T20:48:46 IST" name="VerifyOrderPlacement" finished-at="2023-11-17T20:49:16 IST" duration-ms="30122" status="FAIL">
          <exception class="org.openqa.selenium.NoSuchElementException">
            <message>
              <![CDATA[Unable to locate element: //input[@id='number']
For documentation on this error, please visit: https://www.selenium.dev/documentation/webdriver/troubleshooting/errors#no-such-element-exception
Build info: version: '4.12.1', revision: '8e34639b11'
System info: os.name: 'Windows 10', os.arch: 'amd64', os.version: '10.0', java.version: '17.0.7'
Driver info: org.openqa.selenium.firefox.FirefoxDriver
Command: [47131873-a5bc-45dd-8ff8-8dd899996767, findElement {using=xpath, value=//input[@id='number']}]
Capabilities {acceptInsecureCerts: true, browserName: firefox, browserVersion: 119.0.1, moz:accessibilityChecks: false, moz:buildID: 20231106151204, moz:debuggerAddress: 127.0.0.1:27347, moz:geckodriverVersion: 0.33.0, moz:headless: false, moz:platformVersion: 10.0, moz:processID: 10336, moz:profile: C:\Users\DELL\AppData\Local..., moz:shutdownTimeout: 60000, moz:webdriverClick: true, moz:windowless: false, pageLoadStrategy: normal, platformName: windows, proxy: Proxy(), se:cdp: ws://127.0.0.1:27347/devtoo..., se:cdpVersion: 85.0, setWindowRect: true, strictFileInteractability: false, timeouts: {implicit: 0, pageLoad: 300000, script: 30000}, unhandledPromptBehavior: dismiss and notify}
Session ID: 47131873-a5bc-45dd-8ff8-8dd899996767]]>
            </message>
            <full-stacktrace>
              <![CDATA[org.openqa.selenium.NoSuchElementException: Unable to locate element: //input[@id='number']
For documentation on this error, please visit: https://www.selenium.dev/documentation/webdriver/troubleshooting/errors#no-such-element-exception
Build info: version: '4.12.1', revision: '8e34639b11'
System info: os.name: 'Windows 10', os.arch: 'amd64', os.version: '10.0', java.version: '17.0.7'
Driver info: org.openqa.selenium.firefox.FirefoxDriver
Command: [47131873-a5bc-45dd-8ff8-8dd899996767, findElement {using=xpath, value=//input[@id='number']}]
Capabilities {acceptInsecureCerts: true, browserName: firefox, browserVersion: 119.0.1, moz:accessibilityChecks: false, moz:buildID: 20231106151204, moz:debuggerAddress: 127.0.0.1:27347, moz:geckodriverVersion: 0.33.0, moz:headless: false, moz:platformVersion: 10.0, moz:processID: 10336, moz:profile: C:\Users\DELL\AppData\Local..., moz:shutdownTimeout: 60000, moz:webdriverClick: true, moz:windowless: false, pageLoadStrategy: normal, platformName: windows, proxy: Proxy(), se:cdp: ws://127.0.0.1:27347/devtoo..., se:cdpVersion: 85.0, setWindowRect: true, strictFileInteractability: false, timeouts: {implicit: 0, pageLoad: 300000, script: 30000}, unhandledPromptBehavior: dismiss and notify}
Session ID: 47131873-a5bc-45dd-8ff8-8dd899996767
at java.base/jdk.internal.reflect.NativeConstructorAccessorImpl.newInstance0(Native Method)
at java.base/jdk.internal.reflect.NativeConstructorAccessorImpl.newInstance(NativeConstructorAccessorImpl.java:77)
at java.base/jdk.internal.reflect.DelegatingConstructorAccessorImpl.newInstance(DelegatingConstructorAccessorImpl.java:45)
at java.base/java.lang.reflect.Constructor.newInstanceWithCaller(Constructor.java:499)
at java.base/java.lang.reflect.Constructor.newInstance(Constructor.java:480)
at org.openqa.selenium.remote.codec.w3c.W3CHttpResponseCodec.createException(W3CHttpResponseCodec.java:200)
at org.openqa.selenium.remote.codec.w3c.W3CHttpResponseCodec.decode(W3CHttpResponseCodec.java:133)
at org.openqa.selenium.remote.codec.w3c.W3CHttpResponseCodec.decode(W3CHttpResponseCodec.java:52)
at org.openqa.selenium.remote.HttpCommandExecutor.execute(HttpCommandExecutor.java:191)
at org.openqa.selenium.remote.service.DriverCommandExecutor.invokeExecute(DriverCommandExecutor.java:196)
at org.openqa.selenium.remote.service.DriverCommandExecutor.execute(DriverCommandExecutor.java:171)
at org.openqa.selenium.remote.RemoteWebDriver.execute(RemoteWebDriver.java:602)
at org.openqa.selenium.remote.ElementLocation$ElementFinder$2.findElement(ElementLocation.java:165)
at org.openqa.selenium.remote.ElementLocation.findElement(ElementLocation.java:59)
at org.openqa.selenium.remote.RemoteWebDriver.findElement(RemoteWebDriver.java:359)
at org.openqa.selenium.remote.RemoteWebDriver.findElement(RemoteWebDriver.java:353)
at org.openqa.selenium.support.pagefactory.DefaultElementLocator.findElement(DefaultElementLocator.java:68)
at org.openqa.selenium.support.pagefactory.internal.LocatingElementHandler.invoke(LocatingElementHandler.java:38)
at jdk.proxy2/jdk.proxy2.$Proxy15.sendKeys(Unknown Source)
at com.Bestbuy.Pages.PaymentPage.placeyourorder(PaymentPage.java:31)
at com.Bestbuy.Test.BestBuyTest.VerifyOrderPlacement(BestBuyTest.java:126)
at java.base/jdk.internal.reflect.NativeMethodAccessorImpl.invoke0(Native Method)
at java.base/jdk.internal.reflect.NativeMethodAccessorImpl.invoke(NativeMethodAccessorImpl.java:77)
at java.base/jdk.internal.reflect.DelegatingMethodAccessorImpl.invoke(DelegatingMethodAccessorImpl.java:43)
at java.base/java.lang.reflect.Method.invoke(Method.java:568)
at org.testng.internal.invokers.MethodInvocationHelper.invokeMethod(MethodInvocationHelper.java:139)
at org.testng.internal.invokers.TestInvoker.invokeMethod(TestInvoker.java:664)
at org.testng.internal.invokers.TestInvoker.invokeTestMethod(TestInvoker.java:227)
at org.testng.internal.invokers.MethodRunner.runInSequence(MethodRunner.java:50)
at org.testng.internal.invokers.TestInvoker$MethodInvocationAgent.invoke(TestInvoker.java:957)
at org.testng.internal.invokers.TestInvoker.invokeTestMethods(TestInvoker.java:200)
at org.testng.internal.invokers.TestMethodWorker.invokeTestMethods(TestMethodWorker.java:148)
at org.testng.internal.invokers.TestMethodWorker.run(TestMethodWorker.java:128)
at java.base/java.util.ArrayList.forEach(ArrayList.java:1511)
at org.testng.TestRunner.privateRun(TestRunner.java:848)
at org.testng.TestRunner.run(TestRunner.java:621)
at org.testng.SuiteRunner.runTest(SuiteRunner.java:443)
at org.testng.SuiteRunner.runSequentially(SuiteRunner.java:437)
at org.testng.SuiteRunner.privateRun(SuiteRunner.java:397)
at org.testng.SuiteRunner.run(SuiteRunner.java:336)
at org.testng.SuiteRunnerWorker.runSuite(SuiteRunnerWorker.java:52)
at org.testng.SuiteRunnerWorker.run(SuiteRunnerWorker.java:95)
at org.testng.TestNG.runSuitesSequentially(TestNG.java:1280)
at org.testng.TestNG.runSuitesLocally(TestNG.java:1200)
at org.testng.TestNG.runSuites(TestNG.java:1114)
at org.testng.TestNG.run(TestNG.java:1082)
at org.testng.remote.AbstractRemoteTestNG.run(AbstractRemoteTestNG.java:115)
at org.testng.remote.RemoteTestNG.initAndRun(RemoteTestNG.java:251)
at org.testng.remote.RemoteTestNG.main(RemoteTestNG.java:77)
]]>
            </full-stacktrace>
          </exception> <!-- org.openqa.selenium.NoSuchElementException -->
          <reporter-output>
          </reporter-output>
        </test-method> <!-- VerifyOrderPlacement -->
        <test-method is-config="true" signature="tearDown()[pri:0, instance:com.Bestbuy.Test.BestBuyTest@5524cca1]" started-at="2023-11-17T20:49:16 IST" name="tearDown" finished-at="2023-11-17T20:49:19 IST" duration-ms="2816" status="PASS">
          <reporter-output>
          </reporter-output>
        </test-method> <!-- tearDown -->
      </class> <!-- com.Bestbuy.Test.BestBuyTest -->
    </test> <!-- Default test -->
  </suite> <!-- Default suite -->
</testng-results>
